<?xml version="1.0" encoding="UTF-8"?>
<!-- Generated by org.testng.reporters.JUnitXMLReporter -->
<testsuite ignored="3" hostname="DESKTOP-HN0JOUI" failures="0" tests="1" name="Default test" time="12.823" errors="0" timestamp="2022-09-12T08:13:11 IST">
  <testcase classname="com.qa.DB_Testing.DB_Test" name="updateData" time="6.353"/>
  <testcase classname="com.qa.DB_Testing.DB_Test" name="deleteData" time="0.0">
    <ignored/>
  </testcase> <!-- deleteData -->
  <testcase classname="com.qa.DB_Testing.DB_Test" name="getTableData" time="0.0">
    <ignored/>
  </testcase> <!-- getTableData -->
  <testcase classname="com.qa.DB_Testing.DB_Test" name="insertData" time="0.0">
    <ignored/>
  </testcase> <!-- insertData -->
</testsuite> <!-- Default test -->
