<?xml version="1.0" encoding="UTF-8"?>
<testng-results ignored="3" total="4" passed="1" failed="0" skipped="0">
  <reporter-output>
  </reporter-output>
  <suite started-at="2022-09-12T08:12:55 IST" name="Default suite" finished-at="2022-09-12T08:13:08 IST" duration-ms="12823">
    <groups>
    </groups>
    <test started-at="2022-09-12T08:12:55 IST" name="Default test" finished-at="2022-09-12T08:13:08 IST" duration-ms="12823">
      <class name="com.qa.DB_Testing.DB_Test">
        <test-method is-config="true" signature="setUp()[pri:0, instance:com.qa.DB_Testing.DB_Test@41fecb8b]" started-at="2022-09-12T08:12:55 IST" name="setUp" finished-at="2022-09-12T08:13:01 IST" duration-ms="6399" status="PASS">
          <reporter-output>
          </reporter-output>
        </test-method> <!-- setUp -->
        <test-method signature="updateData()[pri:0, instance:com.qa.DB_Testing.DB_Test@41fecb8b]" started-at="2022-09-12T08:13:01 IST" name="updateData" finished-at="2022-09-12T08:13:08 IST" duration-ms="6353" status="PASS">
          <reporter-output>
          </reporter-output>
        </test-method> <!-- updateData -->
        <test-method is-config="true" signature="tearDown()[pri:0, instance:com.qa.DB_Testing.DB_Test@41fecb8b]" started-at="2022-09-12T08:13:08 IST" name="tearDown" finished-at="2022-09-12T08:13:08 IST" duration-ms="4" status="PASS">
          <reporter-output>
          </reporter-output>
        </test-method> <!-- tearDown -->
      </class> <!-- com.qa.DB_Testing.DB_Test -->
    </test> <!-- Default test -->
  </suite> <!-- Default suite -->
</testng-results>
